NODE: cont01
============================
[
  {
    "size": 400088457216,
    "rotational": false,
    "vendor": "SanDisk",
    "name": "/dev/sda",
    "wwn_vendor_extension": null,
    "wwn_with_extension": "0x5001e820027f50bc",
    "model": "LT0400WM",
    "wwn": "0x5001e820027f50bc",
    "serial": "5001e820027f50bc"
  },
  {
    "size": 1200243695616,
    "rotational": true,
    "vendor": "SEAGATE",
    "name": "/dev/sdb",
    "wwn_vendor_extension": null,
    "wwn_with_extension": "0x5000c50093f95ed7",
    "model": "ST1200MM0088",
    "wwn": "0x5000c50093f95ed7",
    "serial": "5000c50093f95ed7"
  },
  {
    "size": 1200243695616,
    "rotational": true,
    "vendor": "SEAGATE",
    "name": "/dev/sdc",
    "wwn_vendor_extension": null,
    "wwn_with_extension": "0x5000c50093f99507",
    "model": "ST1200MM0088",
    "wwn": "0x5000c50093f99507",
    "serial": "5000c50093f99507"
  },
  {
    "size": 1200243695616,
    "rotational": true,
    "vendor": "SEAGATE",
    "name": "/dev/sdd",
    "wwn_vendor_extension": null,
    "wwn_with_extension": "0x5000c50093f966a3",
    "model": "ST1200MM0088",
    "wwn": "0x5000c50093f966a3",
    "serial": "5000c50093f966a3"
  },
  {
    "size": 1200243695616,
    "rotational": true,
    "vendor": "SEAGATE",
    "name": "/dev/sde",
    "wwn_vendor_extension": null,
    "wwn_with_extension": "0x5000c50093f9702f",
    "model": "ST1200MM0088",
    "wwn": "0x5000c50093f9702f",
    "serial": "5000c50093f9702f"
  },
  {
    "size": 375809638400,
    "rotational": true,
    "vendor": "DELL",
    "name": "/dev/sdf",
    "wwn_vendor_extension": "0x21a4ce57a6bd9f0e",
    "wwn_with_extension": "0x644a84202b25b90021a4ce57a6bd9f0e",
    "model": "PERC H730P Mini",
    "wwn": "0x644a84202b25b900",
    "serial": "644a84202b25b90021a4ce57a6bd9f0e"
  }
]
---------------------------
NODE: cont02
============================
[
  {
    "size": 400088457216,
    "rotational": false,
    "vendor": "TOSHIBA",
    "name": "/dev/sda",
    "wwn_vendor_extension": null,
    "wwn_with_extension": "0x50000395fc89f5a8",
    "model": "PX02SSF040",
    "wwn": "0x50000395fc89f5a8",
    "serial": "50000395fc89f5a8"
  },
  {
    "size": 1200243695616,
    "rotational": true,
    "vendor": "SEAGATE",
    "name": "/dev/sdb",
    "wwn_vendor_extension": null,
    "wwn_with_extension": "0x5000c50093f60663",
    "model": "ST1200MM0088",
    "wwn": "0x5000c50093f60663",
    "serial": "5000c50093f60663"
  },
  {
    "size": 1200243695616,
    "rotational": true,
    "vendor": "SEAGATE",
    "name": "/dev/sdc",
    "wwn_vendor_extension": null,
    "wwn_with_extension": "0x5000c50093f95c5b",
    "model": "ST1200MM0088",
    "wwn": "0x5000c50093f95c5b",
    "serial": "5000c50093f95c5b"
  },
  {
    "size": 1200243695616,
    "rotational": true,
    "vendor": "SEAGATE",
    "name": "/dev/sdd",
    "wwn_vendor_extension": null,
    "wwn_with_extension": "0x5000c50093f961e3",
    "model": "ST1200MM0088",
    "wwn": "0x5000c50093f961e3",
    "serial": "5000c50093f961e3"
  },
  {
    "size": 1200243695616,
    "rotational": true,
    "vendor": "SEAGATE",
    "name": "/dev/sde",
    "wwn_vendor_extension": null,
    "wwn_with_extension": "0x5000c50093f9516f",
    "model": "ST1200MM0088",
    "wwn": "0x5000c50093f9516f",
    "serial": "5000c50093f9516f"
  },
  {
    "size": 375809638400,
    "rotational": true,
    "vendor": "DELL",
    "name": "/dev/sdf",
    "wwn_vendor_extension": "0x21a4cf4ec014b433",
    "wwn_with_extension": "0x644a842011a9f60021a4cf4ec014b433",
    "model": "PERC H730P Mini",
    "wwn": "0x644a842011a9f600",
    "serial": "644a842011a9f60021a4cf4ec014b433"
  }
]
---------------------------
NODE: cont03
============================
[
  {
    "size": 400088457216,
    "rotational": false,
    "vendor": "SanDisk",
    "name": "/dev/sda",
    "wwn_vendor_extension": null,
    "wwn_with_extension": "0x5001e820027f8c08",
    "model": "LT0400WM",
    "wwn": "0x5001e820027f8c08",
    "serial": "5001e820027f8c08"
  },
  {
    "size": 1200243695616,
    "rotational": true,
    "vendor": "SEAGATE",
    "name": "/dev/sdb",
    "wwn_vendor_extension": null,
    "wwn_with_extension": "0x5000c50093f96847",
    "model": "ST1200MM0088",
    "wwn": "0x5000c50093f96847",
    "serial": "5000c50093f96847"
  },
  {
    "size": 1200243695616,
    "rotational": true,
    "vendor": "SEAGATE",
    "name": "/dev/sdc",
    "wwn_vendor_extension": null,
    "wwn_with_extension": "0x5000c50093f99bcf",
    "model": "ST1200MM0088",
    "wwn": "0x5000c50093f99bcf",
    "serial": "5000c50093f99bcf"
  },
  {
    "size": 1200243695616,
    "rotational": true,
    "vendor": "SEAGATE",
    "name": "/dev/sdd",
    "wwn_vendor_extension": null,
    "wwn_with_extension": "0x5000c50093f969e3",
    "model": "ST1200MM0088",
    "wwn": "0x5000c50093f969e3",
    "serial": "5000c50093f969e3"
  },
  {
    "size": 1200243695616,
    "rotational": true,
    "vendor": "SEAGATE",
    "name": "/dev/sde",
    "wwn_vendor_extension": null,
    "wwn_with_extension": "0x5000c50093f961fb",
    "model": "ST1200MM0088",
    "wwn": "0x5000c50093f961fb",
    "serial": "5000c50093f961fb"
  },
  {
    "size": 375809638400,
    "rotational": true,
    "vendor": "DELL",
    "name": "/dev/sdf",
    "wwn_vendor_extension": "0x21a51933681b4ba7",
    "wwn_with_extension": "0x644a84202ece2b0021a51933681b4ba7",
    "model": "PERC H730 Mini",
    "wwn": "0x644a84202ece2b00",
    "serial": "644a84202ece2b0021a51933681b4ba7"
  }
]
---------------------------
NODE: comp01
============================
[
  {
    "size": 400088457216,
    "rotational": false,
    "vendor": "SanDisk",
    "name": "/dev/sda",
    "wwn_vendor_extension": null,
    "wwn_with_extension": "0x5001e820027fafc8",
    "model": "LT0400WM",
    "wwn": "0x5001e820027fafc8",
    "serial": "5001e820027fafc8"
  },
  {
    "size": 1200243695616,
    "rotational": true,
    "vendor": "SEAGATE",
    "name": "/dev/sdb",
    "wwn_vendor_extension": null,
    "wwn_with_extension": "0x5000c50093f9648f",
    "model": "ST1200MM0088",
    "wwn": "0x5000c50093f9648f",
    "serial": "5000c50093f9648f"
  },
  {
    "size": 1200243695616,
    "rotational": true,
    "vendor": "SEAGATE",
    "name": "/dev/sdc",
    "wwn_vendor_extension": null,
    "wwn_with_extension": "0x5000c50093f96f97",
    "model": "ST1200MM0088",
    "wwn": "0x5000c50093f96f97",
    "serial": "5000c50093f96f97"
  },
  {
    "size": 1200243695616,
    "rotational": true,
    "vendor": "SEAGATE",
    "name": "/dev/sdd",
    "wwn_vendor_extension": null,
    "wwn_with_extension": "0x5000c50093f98f2b",
    "model": "ST1200MM0088",
    "wwn": "0x5000c50093f98f2b",
    "serial": "5000c50093f98f2b"
  },
  {
    "size": 1200243695616,
    "rotational": true,
    "vendor": "SEAGATE",
    "name": "/dev/sde",
    "wwn_vendor_extension": null,
    "wwn_with_extension": "0x5000c50093f5fbaf",
    "model": "ST1200MM0088",
    "wwn": "0x5000c50093f5fbaf",
    "serial": "5000c50093f5fbaf"
  },
  {
    "size": 375809638400,
    "rotational": true,
    "vendor": "DELL",
    "name": "/dev/sdf",
    "wwn_vendor_extension": "0x21a51c2e8c8082d7",
    "wwn_with_extension": "0x6b083fe0dc85c90021a51c2e8c8082d7",
    "model": "PERC H730P Mini",
    "wwn": "0x6b083fe0dc85c900",
    "serial": "6b083fe0dc85c90021a51c2e8c8082d7"
  }
]
---------------------------
NODE: comp02
============================
[
  {
    "size": 400088457216,
    "rotational": false,
    "vendor": "SanDisk",
    "name": "/dev/sda",
    "wwn_vendor_extension": null,
    "wwn_with_extension": "0x5001e820027f99e8",
    "model": "LT0400WM",
    "wwn": "0x5001e820027f99e8",
    "serial": "5001e820027f99e8"
  },
  {
    "size": 1200243695616,
    "rotational": true,
    "vendor": "SEAGATE",
    "name": "/dev/sdb",
    "wwn_vendor_extension": null,
    "wwn_with_extension": "0x5000c50093f96da7",
    "model": "ST1200MM0088",
    "wwn": "0x5000c50093f96da7",
    "serial": "5000c50093f96da7"
  },
  {
    "size": 1200243695616,
    "rotational": true,
    "vendor": "SEAGATE",
    "name": "/dev/sdc",
    "wwn_vendor_extension": null,
    "wwn_with_extension": "0x5000c50093f96887",
    "model": "ST1200MM0088",
    "wwn": "0x5000c50093f96887",
    "serial": "5000c50093f96887"
  },
  {
    "size": 1200243695616,
    "rotational": true,
    "vendor": "SEAGATE",
    "name": "/dev/sdd",
    "wwn_vendor_extension": null,
    "wwn_with_extension": "0x5000c50093f9672f",
    "model": "ST1200MM0088",
    "wwn": "0x5000c50093f9672f",
    "serial": "5000c50093f9672f"
  },
  {
    "size": 1200243695616,
    "rotational": true,
    "vendor": "SEAGATE",
    "name": "/dev/sde",
    "wwn_vendor_extension": null,
    "wwn_with_extension": "0x5000c50093f964c3",
    "model": "ST1200MM0088",
    "wwn": "0x5000c50093f964c3",
    "serial": "5000c50093f964c3"
  },
  {
    "size": 375809638400,
    "rotational": true,
    "vendor": "DELL",
    "name": "/dev/sdf",
    "wwn_vendor_extension": "0x21a51f78c8a134fc",
    "wwn_with_extension": "0x6b083fe0dc85c30021a51f78c8a134fc",
    "model": "PERC H730P Mini",
    "wwn": "0x6b083fe0dc85c300",
    "serial": "6b083fe0dc85c30021a51f78c8a134fc"
  }
]
---------------------------
NODE: comp03
============================
[
  {
    "size": 400088457216,
    "rotational": false,
    "vendor": "SanDisk",
    "name": "/dev/sda",
    "wwn_vendor_extension": null,
    "wwn_with_extension": "0x5001e820027f9bac",
    "model": "LT0400WM",
    "wwn": "0x5001e820027f9bac",
    "serial": "5001e820027f9bac"
  },
  {
    "size": 1200243695616,
    "rotational": true,
    "vendor": "SEAGATE",
    "name": "/dev/sdb",
    "wwn_vendor_extension": null,
    "wwn_with_extension": "0x5000c50093f96a3f",
    "model": "ST1200MM0088",
    "wwn": "0x5000c50093f96a3f",
    "serial": "5000c50093f96a3f"
  },
  {
    "size": 1200243695616,
    "rotational": true,
    "vendor": "SEAGATE",
    "name": "/dev/sdc",
    "wwn_vendor_extension": null,
    "wwn_with_extension": "0x5000c50093f97307",
    "model": "ST1200MM0088",
    "wwn": "0x5000c50093f97307",
    "serial": "5000c50093f97307"
  },
  {
    "size": 1200243695616,
    "rotational": true,
    "vendor": "SEAGATE",
    "name": "/dev/sdd",
    "wwn_vendor_extension": null,
    "wwn_with_extension": "0x5000c50093f96217",
    "model": "ST1200MM0088",
    "wwn": "0x5000c50093f96217",
    "serial": "5000c50093f96217"
  },
  {
    "size": 1200243695616,
    "rotational": true,
    "vendor": "SEAGATE",
    "name": "/dev/sde",
    "wwn_vendor_extension": null,
    "wwn_with_extension": "0x5000c50093f9696f",
    "model": "ST1200MM0088",
    "wwn": "0x5000c50093f9696f",
    "serial": "5000c50093f9696f"
  },
  {
    "size": 375809638400,
    "rotational": true,
    "vendor": "DELL",
    "name": "/dev/sdf",
    "wwn_vendor_extension": "0x21a51fdba8c0f497",
    "wwn_with_extension": "0x6b083fe0dc85750021a51fdba8c0f497",
    "model": "PERC H730P Mini",
    "wwn": "0x6b083fe0dc857500",
    "serial": "6b083fe0dc85750021a51fdba8c0f497"
  }
]
---------------------------
NODE: ceph01
============================
[
  {
    "size": 400088457216,
    "rotational": false,
    "vendor": "SanDisk",
    "name": "/dev/sda",
    "wwn_vendor_extension": null,
    "wwn_with_extension": "0x5001e820027f8bf8",
    "model": "LT0400WM",
    "wwn": "0x5001e820027f8bf8",
    "serial": "5001e820027f8bf8"
  },
  {
    "size": 1200243695616,
    "rotational": true,
    "vendor": "SEAGATE",
    "name": "/dev/sdb",
    "wwn_vendor_extension": null,
    "wwn_with_extension": "0x5000c50093f99c97",
    "model": "ST1200MM0088",
    "wwn": "0x5000c50093f99c97",
    "serial": "5000c50093f99c97"
  },
  {
    "size": 1200243695616,
    "rotational": true,
    "vendor": "SEAGATE",
    "name": "/dev/sdc",
    "wwn_vendor_extension": null,
    "wwn_with_extension": "0x5000c50093f95e8f",
    "model": "ST1200MM0088",
    "wwn": "0x5000c50093f95e8f",
    "serial": "5000c50093f95e8f"
  },
  {
    "size": 1200243695616,
    "rotational": true,
    "vendor": "SEAGATE",
    "name": "/dev/sdd",
    "wwn_vendor_extension": null,
    "wwn_with_extension": "0x5000c50093f978b7",
    "model": "ST1200MM0088",
    "wwn": "0x5000c50093f978b7",
    "serial": "5000c50093f978b7"
  },
  {
    "size": 1200243695616,
    "rotational": true,
    "vendor": "SEAGATE",
    "name": "/dev/sde",
    "wwn_vendor_extension": null,
    "wwn_with_extension": "0x5000c50093f9867f",
    "model": "ST1200MM0088",
    "wwn": "0x5000c50093f9867f",
    "serial": "5000c50093f9867f"
  },
  {
    "size": 375809638400,
    "rotational": true,
    "vendor": "DELL",
    "name": "/dev/sdf",
    "wwn_vendor_extension": "0x21a52208448d24a4",
    "wwn_with_extension": "0x6b083fe0dc84a50021a52208448d24a4",
    "model": "PERC H730P Mini",
    "wwn": "0x6b083fe0dc84a500",
    "serial": "6b083fe0dc84a50021a52208448d24a4"
  }
]
---------------------------
NODE: ceph02
============================
[
  {
    "size": 400088457216,
    "rotational": false,
    "vendor": "SanDisk",
    "name": "/dev/sda",
    "wwn_vendor_extension": null,
    "wwn_with_extension": "0x5001e820027f9a98",
    "model": "LT0400WM",
    "wwn": "0x5001e820027f9a98",
    "serial": "5001e820027f9a98"
  },
  {
    "size": 1200243695616,
    "rotational": true,
    "vendor": "SEAGATE",
    "name": "/dev/sdb",
    "wwn_vendor_extension": null,
    "wwn_with_extension": "0x5000c50093f99b33",
    "model": "ST1200MM0088",
    "wwn": "0x5000c50093f99b33",
    "serial": "5000c50093f99b33"
  },
  {
    "size": 1200243695616,
    "rotational": true,
    "vendor": "SEAGATE",
    "name": "/dev/sdc",
    "wwn_vendor_extension": null,
    "wwn_with_extension": "0x5000c50093f985c7",
    "model": "ST1200MM0088",
    "wwn": "0x5000c50093f985c7",
    "serial": "5000c50093f985c7"
  },
  {
    "size": 1200243695616,
    "rotational": true,
    "vendor": "SEAGATE",
    "name": "/dev/sdd",
    "wwn_vendor_extension": null,
    "wwn_with_extension": "0x5000c50093f98d9b",
    "model": "ST1200MM0088",
    "wwn": "0x5000c50093f98d9b",
    "serial": "5000c50093f98d9b"
  },
  {
    "size": 1200243695616,
    "rotational": true,
    "vendor": "SEAGATE",
    "name": "/dev/sde",
    "wwn_vendor_extension": null,
    "wwn_with_extension": "0x5000c50093f5d02f",
    "model": "ST1200MM0088",
    "wwn": "0x5000c50093f5d02f",
    "serial": "5000c50093f5d02f"
  },
  {
    "size": 375809638400,
    "rotational": true,
    "vendor": "DELL",
    "name": "/dev/sdf",
    "wwn_vendor_extension": "0x21a523e44d123d38",
    "wwn_with_extension": "0x6b083fe0dc85770021a523e44d123d38",
    "model": "PERC H730P Mini",
    "wwn": "0x6b083fe0dc857700",
    "serial": "6b083fe0dc85770021a523e44d123d38"
  }
]
---------------------------
NODE: ceph03
============================
[
  {
    "size": 400088457216,
    "rotational": false,
    "vendor": "SanDisk",
    "name": "/dev/sda",
    "wwn_vendor_extension": null,
    "wwn_with_extension": "0x5001e820027f5158",
    "model": "LT0400WM",
    "wwn": "0x5001e820027f5158",
    "serial": "5001e820027f5158"
  },
  {
    "size": 1200243695616,
    "rotational": true,
    "vendor": "SEAGATE",
    "name": "/dev/sdb",
    "wwn_vendor_extension": null,
    "wwn_with_extension": "0x5000c50093f5ecef",
    "model": "ST1200MM0088",
    "wwn": "0x5000c50093f5ecef",
    "serial": "5000c50093f5ecef"
  },
  {
    "size": 1200243695616,
    "rotational": true,
    "vendor": "SEAGATE",
    "name": "/dev/sdc",
    "wwn_vendor_extension": null,
    "wwn_with_extension": "0x5000c50093f9939b",
    "model": "ST1200MM0088",
    "wwn": "0x5000c50093f9939b",
    "serial": "5000c50093f9939b"
  },
  {
    "size": 1200243695616,
    "rotational": true,
    "vendor": "SEAGATE",
    "name": "/dev/sdd",
    "wwn_vendor_extension": null,
    "wwn_with_extension": "0x5000c50093f99efb",
    "model": "ST1200MM0088",
    "wwn": "0x5000c50093f99efb",
    "serial": "5000c50093f99efb"
  },
  {
    "size": 1200243695616,
    "rotational": true,
    "vendor": "SEAGATE",
    "name": "/dev/sde",
    "wwn_vendor_extension": null,
    "wwn_with_extension": "0x5000c50093f9991b",
    "model": "ST1200MM0088",
    "wwn": "0x5000c50093f9991b",
    "serial": "5000c50093f9991b"
  },
  {
    "size": 375809638400,
    "rotational": true,
    "vendor": "DELL",
    "name": "/dev/sdf",
    "wwn_vendor_extension": "0x21a5248856fdc677",
    "wwn_with_extension": "0x6b083fe0dc84060021a5248856fdc677",
    "model": "PERC H730P Mini",
    "wwn": "0x6b083fe0dc840600",
    "serial": "6b083fe0dc84060021a5248856fdc677"
  }
]
---------------------------
